# JRE version: OpenJDK Runtime Environment Temurin-11.0.13+8 (11.0.13+8) (build 11.0.13+8)
# Java VM: OpenJDK 64-Bit Server VM Temurin-11.0.13+8 (11.0.13+8, mixed mode, tiered, compressed oops, g1 gc, windows-amd64)
Heap:
 garbage-first heap   total 337920K, used 268996K [0x0000000083200000, 0x0000000100000000)
  region size 1024K, 156 young (159744K), 4 survivors (4096K)
 Metaspace       used 227659K, capacity 230838K, committed 231084K, reserved 1253376K
  class space    used 26269K, capacity 27092K, committed 27136K, reserved 1048576K
GC Heap History (20 events):
Event: 6065.505 GC heap after
{Heap after GC invocations=142 (full 0):
 garbage-first heap   total 337920K, used 96161K [0x0000000083200000, 0x0000000100000000)
  region size 1024K, 18 young (18432K), 18 survivors (18432K)
 Metaspace       used 204536K, capacity 207383K, committed 207788K, reserved 1232896K
  class space    used 23452K, capacity 24193K, committed 24320K, reserved 1048576K
}
Event: 6065.708 GC heap before
{Heap before GC invocations=142 (full 0):
 garbage-first heap   total 337920K, used 266145K [0x0000000083200000, 0x0000000100000000)
  region size 1024K, 185 young (189440K), 18 survivors (18432K)
 Metaspace       used 204536K, capacity 207383K, committed 207788K, reserved 1232896K
  class space    used 23452K, capacity 24193K, committed 24320K, reserved 1048576K
}
Event: 6065.719 GC heap after
{Heap after GC invocations=143 (full 0):
 garbage-first heap   total 337920K, used 90365K [0x0000000083200000, 0x0000000100000000)
  region size 1024K, 9 young (9216K), 9 survivors (9216K)
 Metaspace       used 204536K, capacity 207383K, committed 207788K, reserved 1232896K
  class space    used 23452K, capacity 24193K, committed 24320K, reserved 1048576K
}
Event: 6065.919 GC heap before
{Heap before GC invocations=143 (full 0):
 garbage-first heap   total 337920K, used 267517K [0x0000000083200000, 0x0000000100000000)
  region size 1024K, 183 young (187392K), 9 survivors (9216K)
 Metaspace       used 204536K, capacity 207383K, committed 207788K, reserved 1232896K
  class space    used 23452K, capacity 24193K, committed 24320K, reserved 1048576K
}
Event: 6065.927 GC heap after
{Heap after GC invocations=144 (full 0):
 garbage-first heap   total 337920K, used 91389K [0x0000000083200000, 0x0000000100000000)
  region size 1024K, 10 young (10240K), 10 survivors (10240K)
 Metaspace       used 204536K, capacity 207383K, committed 207788K, reserved 1232896K
  class space    used 23452K, capacity 24193K, committed 24320K, reserved 1048576K
}
Event: 6066.119 GC heap before
{Heap before GC invocations=144 (full 0):
 garbage-first heap   total 337920K, used 270589K [0x0000000083200000, 0x0000000100000000)
  region size 1024K, 187 young (191488K), 10 survivors (10240K)
 Metaspace       used 204536K, capacity 207383K, committed 207788K, reserved 1232896K
  class space    used 23452K, capacity 24193K, committed 24320K, reserved 1048576K
}
Event: 6066.128 GC heap after
{Heap after GC invocations=145 (full 0):
 garbage-first heap   total 337920K, used 91274K [0x0000000083200000, 0x0000000100000000)
  region size 1024K, 10 young (10240K), 10 survivors (10240K)
 Metaspace       used 204536K, capacity 207383K, committed 207788K, reserved 1232896K
  class space    used 23452K, capacity 24193K, committed 24320K, reserved 1048576K
}
Event: 6066.686 GC heap before
{Heap before GC invocations=145 (full 0):
 garbage-first heap   total 337920K, used 272522K [0x0000000083200000, 0x0000000100000000)
  region size 1024K, 188 young (192512K), 10 survivors (10240K)
 Metaspace       used 205059K, capacity 207981K, committed 208300K, reserved 1232896K
  class space    used 23512K, capacity 24263K, committed 24320K, reserved 1048576K
}
Event: 6066.707 GC heap after
{Heap after GC invocations=146 (full 0):
 garbage-first heap   total 337920K, used 108440K [0x0000000083200000, 0x0000000100000000)
  region size 1024K, 24 young (24576K), 24 survivors (24576K)
 Metaspace       used 205059K, capacity 207981K, committed 208300K, reserved 1232896K
  class space    used 23512K, capacity 24263K, committed 24320K, reserved 1048576K
}
Event: 8108.750 GC heap before
{Heap before GC invocations=146 (full 0):
 garbage-first heap   total 337920K, used 265112K [0x0000000083200000, 0x0000000100000000)
  region size 1024K, 179 young (183296K), 24 survivors (24576K)
 Metaspace       used 212558K, capacity 215514K, committed 215724K, reserved 1239040K
  class space    used 24493K, capacity 25266K, committed 25344K, reserved 1048576K
}
Event: 8108.767 GC heap after
{Heap after GC invocations=147 (full 0):
 garbage-first heap   total 337920K, used 93799K [0x0000000083200000, 0x0000000100000000)
  region size 1024K, 7 young (7168K), 7 survivors (7168K)
 Metaspace       used 212558K, capacity 215514K, committed 215724K, reserved 1239040K
  class space    used 24493K, capacity 25266K, committed 25344K, reserved 1048576K
}
Event: 8109.068 GC heap before
{Heap before GC invocations=147 (full 0):
 garbage-first heap   total 337920K, used 265831K [0x0000000083200000, 0x0000000100000000)
  region size 1024K, 176 young (180224K), 7 survivors (7168K)
 Metaspace       used 212558K, capacity 215514K, committed 215724K, reserved 1239040K
  class space    used 24493K, capacity 25266K, committed 25344K, reserved 1048576K
}
Event: 8109.078 GC heap after
{Heap after GC invocations=148 (full 0):
 garbage-first heap   total 337920K, used 98303K [0x0000000083200000, 0x0000000100000000)
  region size 1024K, 11 young (11264K), 11 survivors (11264K)
 Metaspace       used 212558K, capacity 215514K, committed 215724K, reserved 1239040K
  class space    used 24493K, capacity 25266K, committed 25344K, reserved 1048576K
}
Event: 8109.226 GC heap before
{Heap before GC invocations=148 (full 0):
 garbage-first heap   total 337920K, used 269311K [0x0000000083200000, 0x0000000100000000)
  region size 1024K, 179 young (183296K), 11 survivors (11264K)
 Metaspace       used 212558K, capacity 215514K, committed 215724K, reserved 1239040K
  class space    used 24493K, capacity 25266K, committed 25344K, reserved 1048576K
}
Event: 8109.237 GC heap after
{Heap after GC invocations=149 (full 0):
 garbage-first heap   total 337920K, used 98394K [0x0000000083200000, 0x0000000100000000)
  region size 1024K, 11 young (11264K), 11 survivors (11264K)
 Metaspace       used 212558K, capacity 215514K, committed 215724K, reserved 1239040K
  class space    used 24493K, capacity 25266K, committed 25344K, reserved 1048576K
}
Event: 8109.412 GC heap before
{Heap before GC invocations=149 (full 0):
 garbage-first heap   total 337920K, used 272474K [0x0000000083200000, 0x0000000100000000)
  region size 1024K, 183 young (187392K), 11 survivors (11264K)
 Metaspace       used 212565K, capacity 215514K, committed 215724K, reserved 1239040K
  class space    used 24493K, capacity 25266K, committed 25344K, reserved 1048576K
}
Event: 8109.424 GC heap after
{Heap after GC invocations=150 (full 0):
 garbage-first heap   total 337920K, used 100455K [0x0000000083200000, 0x0000000100000000)
  region size 1024K, 13 young (13312K), 13 survivors (13312K)
 Metaspace       used 212565K, capacity 215514K, committed 215724K, reserved 1239040K
  class space    used 24493K, capacity 25266K, committed 25344K, reserved 1048576K
}
Event: 8110.821 GC heap before
{Heap before GC invocations=150 (full 0):
 garbage-first heap   total 337920K, used 273511K [0x0000000083200000, 0x0000000100000000)
  region size 1024K, 183 young (187392K), 13 survivors (13312K)
 Metaspace       used 218768K, capacity 221804K, committed 221868K, reserved 1245184K
  class space    used 25256K, capacity 26051K, committed 26112K, reserved 1048576K
}
Event: 8110.848 GC heap after
{Heap after GC invocations=151 (full 0):
 garbage-first heap   total 337920K, used 114065K [0x0000000083200000, 0x0000000100000000)
  region size 1024K, 23 young (23552K), 23 survivors (23552K)
 Metaspace       used 218768K, capacity 221804K, committed 221868K, reserved 1245184K
  class space    used 25256K, capacity 26051K, committed 26112K, reserved 1048576K
}
Event: 8975.142 GC heap before
{Heap before GC invocations=151 (full 0):
 garbage-first heap   total 337920K, used 267665K [0x0000000083200000, 0x0000000100000000)
  region size 1024K, 175 young (179200K), 23 survivors (23552K)
 Metaspace       used 227659K, capacity 230838K, committed 231084K, reserved 1253376K
  class space    used 26269K, capacity 27092K, committed 27136K, reserved 1048576K
}

